<?xml version="1.0" encoding="UTF-8" ?>
<testsuite tests="5" failures="0" name="runners.TestRunner" time="25.899" errors="0" skipped="1">
  <properties>
[...]
</properties>
  <testcase classname="Wikipedia invalid Login test Feature" name="Title of Login Page" time="4.253">
    <skipped/>
    <system-out>
@skip
Scenario: Title of Login Page                          # src/test/resources/features/LoginPage.feature:7
Skipped scenario:Title of Login Page
      org.junit.AssumptionViolatedException: got: &lt;false&gt;, expected: is &lt;true&gt;
	at org.junit.Assume.assumeThat(Assume.java:106)
	at org.junit.Assume.assumeTrue(Assume.java:50)
	at appHooks.ApplicationHooks.skipScenario(ApplicationHooks.java:26)

browser value is chrome
  Given user is on main page                           # stepDefinitions.MainPageTestSteps.user_is_on_main_page()
  And click the login link                             # stepDefinitions.LoginPageTestSteps.click_the_login_link()
  When user gets the title of login page               # stepDefinitions.LoginPageTestSteps.user_gets_the_title_of_login_page()
  Then login page title should be &quot;Log in - Wikipedia&quot; # stepDefinitions.LoginPageTestSteps.login_page_title_should_be(java.lang.String)
</system-out>
    <system-err>SLF4J: Failed to load class &quot;org.slf4j.impl.StaticLoggerBinder&quot;.
SLF4J: Defaulting to no-operation (NOP) logger implementation
SLF4J: See http://www.slf4j.org/codes.html#StaticLoggerBinder for further details.
Starting ChromeDriver 97.0.4692.71 (adefa7837d02a07a604c1e6eff0b3a09422ab88d-refs/branch-heads/4692@{#1247}) on port 48307
Only local connections are allowed.
Please see https://chromedriver.chromium.org/security-considerations for suggestions on keeping ChromeDriver safe.
ChromeDriver was started successfully.
Jan 30, 2022 1:24:58 PM org.openqa.selenium.remote.ProtocolHandshake createSession
INFO: Detected dialect: W3C
</system-err>
  </testcase>
  <testcase classname="Wikipedia invalid Login test Feature" name="Unregistered user tries to login" time="8.652"/>
  <testcase classname="Wikipedia Main Page in English" name="Title of main page" time="3.69"/>
  <testcase classname="Wikipedia Main Page in English" name="Title of Wiki logo" time="3.725"/>
  <testcase classname="Wikipedia Main Page in English" name="User search key word" time="5.579"/>
</testsuite>